<?xml version="1.0" encoding="UTF-8"?>
<testng-results skipped="0" failed="1" ignored="0" total="1" passed="0">
  <reporter-output>
  </reporter-output>
  <suite name="Default suite" duration-ms="132" started-at="2022-05-26T01:07:07 PDT" finished-at="2022-05-26T01:07:08 PDT">
    <groups>
    </groups>
    <test name="Default test" duration-ms="132" started-at="2022-05-26T01:07:07 PDT" finished-at="2022-05-26T01:07:08 PDT">
      <class name="com.apex.samples_TestNG.UserAPI_Test_GET_TestNGTest_DD">
        <test-method status="FAIL" signature="testWithCorrectUserID(java.lang.String,java.lang.String,java.lang.String)[pri:0, instance:com.apex.samples_TestNG.UserAPI_Test_GET_TestNGTest_DD@5bb21b69]" name="testWithCorrectUserID" duration-ms="0" started-at="2022-05-26T01:07:08 PDT" data-provider="user_ids" finished-at="2022-05-26T01:07:08 PDT">
          <exception class="org.testng.TestNGException">
            <message>
              <![CDATA[
Data Provider public java.lang.Object[][] com.apex.samples_TestNG.UserAPI_Test_GET_TestNGTest_DD.getSuccessfulIDs() returned a null value]]>
            </message>
            <full-stacktrace>
              <![CDATA[org.testng.TestNGException: 
Data Provider public java.lang.Object[][] com.apex.samples_TestNG.UserAPI_Test_GET_TestNGTest_DD.getSuccessfulIDs() returned a null value
at org.testng.internal.MethodInvocationHelper.invokeDataProvider(MethodInvocationHelper.java:148)
at org.testng.internal.Parameters.handleParameters(Parameters.java:798)
at org.testng.internal.Parameters.handleParameters(Parameters.java:740)
at org.testng.internal.ParameterHandler.handleParameters(ParameterHandler.java:59)
at org.testng.internal.ParameterHandler.createParameters(ParameterHandler.java:38)
at org.testng.internal.TestInvoker$MethodInvocationAgent.invoke(TestInvoker.java:791)
at org.testng.internal.TestInvoker.invokeTestMethods(TestInvoker.java:146)
at org.testng.internal.TestMethodWorker.invokeTestMethods(TestMethodWorker.java:146)
at org.testng.internal.TestMethodWorker.run(TestMethodWorker.java:128)
at java.util.ArrayList.forEach(ArrayList.java:1257)
at org.testng.TestRunner.privateRun(TestRunner.java:794)
at org.testng.TestRunner.run(TestRunner.java:596)
at org.testng.SuiteRunner.runTest(SuiteRunner.java:377)
at org.testng.SuiteRunner.runSequentially(SuiteRunner.java:371)
at org.testng.SuiteRunner.privateRun(SuiteRunner.java:332)
at org.testng.SuiteRunner.run(SuiteRunner.java:276)
at org.testng.SuiteRunnerWorker.runSuite(SuiteRunnerWorker.java:53)
at org.testng.SuiteRunnerWorker.run(SuiteRunnerWorker.java:96)
at org.testng.TestNG.runSuitesSequentially(TestNG.java:1212)
at org.testng.TestNG.runSuitesLocally(TestNG.java:1134)
at org.testng.TestNG.runSuites(TestNG.java:1063)
at org.testng.TestNG.run(TestNG.java:1031)
at org.testng.remote.AbstractRemoteTestNG.run(AbstractRemoteTestNG.java:115)
at org.testng.remote.RemoteTestNG.initAndRun(RemoteTestNG.java:251)
at org.testng.remote.RemoteTestNG.main(RemoteTestNG.java:77)
]]>
            </full-stacktrace>
          </exception> <!-- org.testng.TestNGException -->
          <reporter-output>
          </reporter-output>
        </test-method> <!-- testWithCorrectUserID -->
      </class> <!-- com.apex.samples_TestNG.UserAPI_Test_GET_TestNGTest_DD -->
    </test> <!-- Default test -->
  </suite> <!-- Default suite -->
</testng-results>
